\BOOKMARK [0][]{section*.1}{\376\377\000A\000b\000s\000t\000r\000a\000c\000t}{}% 1
\BOOKMARK [0][]{chapter*.3}{\376\377\000I\000n\000t\000r\000o\000d\000u\000c\000t\000i\000o\000n}{}% 2
\BOOKMARK [0][]{chapter.1}{\376\377\0001\000\040\000P\000a\000r\000t\000i\000c\000l\000e\000\040\000P\000h\000y\000s\000i\000c\000s\000:\000\040\000T\000h\000e\000o\000r\000y}{}% 3
\BOOKMARK [0][]{chapter.2}{\376\377\0002\000\040\000T\000h\000e\000\040\000I\000n\000t\000e\000r\000n\000a\000t\000i\000o\000n\000a\000l\000\040\000L\000i\000n\000e\000a\000r\000\040\000C\000o\000l\000l\000i\000d\000e\000r\000:\000\040\000a\000\040\000f\000u\000t\000u\000r\000e\000\040\000e\000+\000e\000-\000\040\000l\000i\000n\000e\000a\000r\000\040\000c\000o\000l\000l\000i\000d\000e\000r}{}% 4
\BOOKMARK [0][]{chapter.3}{\376\377\0003\000\040\000C\000a\000l\000o\000r\000i\000m\000e\000t\000r\000y\000\040\000a\000n\000d\000\040\000P\000a\000r\000t\000i\000c\000l\000e\000\040\000F\000l\000o\000w\000\040\000C\000o\000n\000c\000e\000p\000t}{}% 5
\BOOKMARK [0][]{chapter.4}{\376\377\0004\000\040\000C\000A\000L\000I\000C\000E\000\040\000C\000a\000l\000o\000r\000i\000m\000e\000t\000e\000r\000\040\000c\000o\000n\000c\000e\000p\000t\000s}{}% 6
\BOOKMARK [0][]{chapter.5}{\376\377\0005\000\040\000G\000e\000a\000n\000t\0004\000\040\000S\000i\000m\000u\000l\000a\000t\000i\000o\000n\000s}{}% 7
\BOOKMARK [0][]{chapter.6}{\376\377\0006\000\040\000C\000o\000m\000m\000i\000s\000s\000i\000o\000n\000i\000n\000g\000\040\000o\000f\000\040\000t\000h\000e\000\040\000A\000H\000C\000A\000L\000\040\000t\000e\000c\000h\000n\000o\000l\000o\000g\000i\000c\000a\000l\000\040\000p\000r\000o\000t\000o\000t\000y\000p\000e}{}% 8
\BOOKMARK [0][]{chapter.7}{\376\377\0007\000\040\000E\000n\000e\000r\000g\000y\000\040\000C\000a\000l\000i\000b\000r\000a\000t\000i\000o\000n\000\040\000o\000f\000\040\000t\000h\000e\000\040\000A\000H\000C\000A\000L}{}% 9
\BOOKMARK [0][]{section*.40}{\376\377\000T\000i\000m\000i\000n\000g\000\040\000s\000t\000u\000d\000y\000\040\000o\000f\000\040\000h\000a\000d\000r\000o\000n\000i\000c\000\040\000s\000h\000o\000w\000e\000r\000s\000\040\000i\000n\000\040\000t\000h\000e\000\040\000A\000H\000C\000A\000L\000\040\000t\000e\000c\000h\000n\000o\000l\000o\000g\000i\000c\000a\000l\000\040\000p\000r\000o\000t\000o\000t\000y\000p\000e}{}% 10
\BOOKMARK [0][]{chapter.8}{\376\377\0008\000\040\000R\000u\000n\000s\000\040\000\046\000\040\000E\000v\000e\000n\000t\000\040\000S\000e\000l\000e\000c\000t\000i\000o\000n}{}% 11
\BOOKMARK [0][]{chapter.9}{\376\377\0009\000\040\000T\000i\000m\000i\000n\000g\000\040\000C\000a\000l\000i\000b\000r\000a\000t\000i\000o\000n\000\040\000a\000n\000d\000\040\000V\000a\000l\000i\000d\000a\000t\000i\000o\000n}{}% 12
\BOOKMARK [0][]{chapter.10}{\376\377\0001\0000\000\040\000T\000i\000m\000i\000n\000g\000\040\000o\000f\000\040\000t\000h\000e\000\040\000p\000i\000o\000n\000\040\000d\000a\000t\000a}{}% 13
\BOOKMARK [0][]{chapter.11}{\376\377\0001\0001\000\040\000I\000L\000D\000\040\000d\000e\000t\000e\000c\000t\000o\000r\000\040\000s\000i\000m\000u\000l\000a\000t\000i\000o\000n\000\040\000s\000t\000u\000d\000i\000e\000s}{}% 14
\BOOKMARK [0][]{section*.115}{\376\377\000C\000o\000n\000c\000l\000u\000s\000i\000o\000n\000\040\000a\000n\000d\000\040\000O\000u\000t\000l\000o\000o\000k}{}% 15
\BOOKMARK [0][]{section*.117}{\376\377\000A\000c\000k\000n\000o\000w\000l\000e\000d\000g\000m\000e\000n\000t\000s}{}% 16
\BOOKMARK [0][]{appendix*.119}{\376\377\000R\000e\000f\000e\000r\000e\000n\000c\000e\000s}{}% 17
\BOOKMARK [0][]{Appendix.1.A}{\376\377\000A\000p\000p\000e\000n\000d\000i\000x\000\040\000A\000\040\000E\000v\000e\000n\000t\000\040\000s\000e\000l\000e\000c\000t\000i\000o\000n}{}% 18
\BOOKMARK [0][]{Appendix.1.B}{\376\377\000A\000p\000p\000e\000n\000d\000i\000x\000\040\000B\000\040\000V\000a\000l\000i\000d\000a\000t\000i\000o\000n\000\040\000o\000f\000\040\000t\000h\000e\000\040\000s\000i\000m\000u\000l\000a\000t\000i\000o\000n}{}% 19
\BOOKMARK [0][]{Appendix.1.C}{\376\377\000A\000p\000p\000e\000n\000d\000i\000x\000\040\000C\000\040\000I\000m\000p\000l\000e\000m\000e\000n\000t\000a\000t\000i\000o\000n\000\040\000o\000f\000\040\000n\000o\000i\000s\000e\000\040\000f\000o\000r\000\040\000t\000i\000m\000i\000n\000g\000\040\000i\000n\000\040\000s\000i\000m\000u\000l\000a\000t\000i\000o\000n\000s\000.}{}% 20
\BOOKMARK [0][]{Appendix.1.D}{\376\377\000A\000p\000p\000e\000n\000d\000i\000x\000\040\000D\000\040\000E\000s\000t\000i\000m\000a\000t\000i\000o\000n\000\040\000o\000f\000\040\000t\000h\000e\000\040\000u\000n\000c\000e\000r\000t\000a\000i\000n\000t\000y\000\040\000o\000f\000\040\000t\000h\000e\000\040\000t\000i\000m\000e\000\040\000c\000a\000l\000i\000b\000r\000a\000t\000i\000o\000n\000.}{}% 21
\BOOKMARK [0][]{Appendix.1.E}{\376\377\000A\000p\000p\000e\000n\000d\000i\000x\000\040\000E\000\040\000I\000n\000f\000l\000u\000e\000n\000c\000e\000\040\000o\000f\000\040\000t\000h\000e\000\040\000n\000u\000m\000b\000e\000r\000\040\000o\000f\000\040\000t\000r\000i\000g\000g\000e\000r\000e\000d\000\040\000c\000h\000a\000n\000n\000e\000l\000s\000\040\000a\000n\000d\000\040\000p\000a\000r\000a\000m\000e\000t\000r\000i\000z\000a\000t\000i\000o\000n\000\040\000i\000n\000\040\000M\000o\000n\000t\000e\000-\000C\000a\000r\000l\000o\000.}{}% 22
\BOOKMARK [0][]{Appendix.1.F}{\376\377\000A\000p\000p\000e\000n\000d\000i\000x\000\040\000F\000\040\000T\000a\000b\000l\000e\000s\000\040\000o\000f\000\040\000r\000e\000j\000e\000c\000t\000e\000d\000\040\000c\000h\000i\000p\000s\000.}{}% 23
\BOOKMARK [0][]{Appendix.1.G}{\376\377\000A\000p\000p\000e\000n\000d\000i\000x\000\040\000G\000\040\000U\000n\000d\000e\000r\000s\000t\000a\000n\000d\000i\000n\000g\000\040\000t\000h\000e\000\040\000d\000e\000g\000r\000a\000d\000a\000t\000i\000o\000n\000\040\000o\000f\000\040\000t\000h\000e\000\040\000e\000n\000e\000r\000g\000y\000\040\000r\000e\000s\000o\000l\000u\000t\000i\000o\000n\000\040\000w\000i\000t\000h\000\040\000t\000i\000m\000i\000n\000g\000\040\000c\000u\000t\000s}{}% 24
\BOOKMARK [0][]{Appendix.1.H}{\376\377\000A\000p\000p\000e\000n\000d\000i\000x\000\040\000H\000\040\000C\000a\000l\000i\000b\000r\000a\000t\000i\000o\000n\000\040\000d\000a\000t\000a\000b\000a\000s\000e}{}% 25
