\BOOKMARK [1][-]{section.1}{Introduction}{}% 1
\BOOKMARK [1][-]{section.2}{Pandora Particle Flow Algorithm}{}% 2
\BOOKMARK [2][-]{subsection.2.1}{Key steps in the algorithm}{section.2}% 3
\BOOKMARK [2][-]{subsection.2.2}{Cluster formation}{section.2}% 4
\BOOKMARK [2][-]{subsection.2.3}{Track Matching}{section.2}% 5
\BOOKMARK [2][-]{subsection.2.4}{Statistical Reclustering}{section.2}% 6
\BOOKMARK [1][-]{section.3}{Particle Flow in SGV}{}% 7
\BOOKMARK [2][-]{subsection.3.1}{Tracking in SGV}{section.3}% 8
\BOOKMARK [2][-]{subsection.3.2}{Calorimeter Simulation}{section.3}% 9
\BOOKMARK [2][-]{subsection.3.3}{SGV Particle Flow parametrisation}{section.3}% 10
\BOOKMARK [2][-]{subsection.3.4}{Check Tracking efficiency SGV/Full simulation}{section.3}% 11
\BOOKMARK [2][-]{subsection.3.5}{Track Multiplicity and Correlations}{section.3}% 12
\BOOKMARK [1][-]{section.4}{Particle Flow studies}{}% 13
\BOOKMARK [2][-]{subsection.4.1}{Double counted and lost energy}{section.4}% 14
\BOOKMARK [3][-]{subsubsection.4.1.1}{At Cluster-Track level}{subsection.4.1}% 15
\BOOKMARK [3][-]{subsubsection.4.1.2}{At Jet level}{subsection.4.1}% 16
\BOOKMARK [2][-]{subsection.4.2}{Energy fraction}{section.4}% 17
\BOOKMARK [2][-]{subsection.4.3}{Occupancy and Energy density}{section.4}% 18
\BOOKMARK [1][-]{section.5}{Conclusion}{}% 19
\BOOKMARK [1][-]{section*.34}{References}{}% 20
