\BOOKMARK [0][-]{chapter.1}{Introduction}{}% 1
\BOOKMARK [0][-]{chapter.2}{Particle Physics}{}% 2
\BOOKMARK [1][-]{section.2.1}{The Standard Model}{chapter.2}% 3
\BOOKMARK [1][-]{section.2.2}{The International Linear Collider: a future e+e- linear collider}{chapter.2}% 4
\BOOKMARK [2][-]{subsection.2.2.1}{Damping rings}{section.2.2}% 5
\BOOKMARK [2][-]{subsection.2.2.2}{Sources}{section.2.2}% 6
\BOOKMARK [2][-]{subsection.2.2.3}{Linac}{section.2.2}% 7
\BOOKMARK [2][-]{subsection.2.2.4}{The International Large Detector \(ILD\)}{section.2.2}% 8
\BOOKMARK [1][-]{section.2.3}{ILC Physics}{chapter.2}% 9
\BOOKMARK [2][-]{subsection.2.3.1}{Higgs Physics}{section.2.3}% 10
\BOOKMARK [2][-]{subsection.2.3.2}{Electroweak Physics}{section.2.3}% 11
\BOOKMARK [2][-]{subsection.2.3.3}{Top mass measurement}{section.2.3}% 12
\BOOKMARK [2][-]{subsection.2.3.4}{Beyond the Standard Model}{section.2.3}% 13
\BOOKMARK [1][-]{section.2.4}{Calorimetry and Particle Flow}{chapter.2}% 14
\BOOKMARK [2][-]{subsection.2.4.1}{Particle interaction with matter}{section.2.4}% 15
\BOOKMARK [2][-]{subsection.2.4.2}{Particle Flow Principle}{section.2.4}% 16
\BOOKMARK [1][-]{section.2.5}{Simulation of particle showers}{chapter.2}% 17
\BOOKMARK [2][-]{subsection.2.5.1}{Electromagnetic showers}{section.2.5}% 18
\BOOKMARK [2][-]{subsection.2.5.2}{Hadronic showers}{section.2.5}% 19
\BOOKMARK [2][-]{subsection.2.5.3}{Physics Lists}{section.2.5}% 20
\BOOKMARK [0][-]{chapter.3}{Fast simulation of ILD}{}% 21
\BOOKMARK [1][-]{subsection.3.0.1}{SGV, a fast simulation of ILD}{chapter.3}% 22
\BOOKMARK [2][-]{subsection.3.0.2}{Particle Flow emulation}{subsection.3.0.1}% 23
\BOOKMARK [2][-]{subsection.3.0.3}{Comparison to Full simulation}{subsection.3.0.1}% 24
\BOOKMARK [0][-]{chapter.4}{AHCAL Engineering prototype}{}% 25
\BOOKMARK [1][-]{section.4.1}{Silicon Photomultiplier \(SiPM\)}{chapter.4}% 26
\BOOKMARK [1][-]{section.4.2}{The CALICE Analog Hadronic Calorimeter}{chapter.4}% 27
\BOOKMARK [2][-]{subsection.4.2.1}{Physics Prototype and Validation}{section.4.2}% 28
\BOOKMARK [2][-]{subsection.4.2.2}{The CALICE Engineering Analog Hadronic Calorimeter}{section.4.2}% 29
\BOOKMARK [1][-]{section.4.3}{Commissioning of the CALICE AHCAL}{chapter.4}% 30
\BOOKMARK [2][-]{subsection.4.3.1}{Commissioning Procedure}{section.4.3}% 31
\BOOKMARK [2][-]{subsection.4.3.2}{Noise Measurement}{section.4.3}% 32
\BOOKMARK [0][-]{chapter.5}{Testbeam Analysis of the CALICE AHCAL}{}% 33
\BOOKMARK [1][-]{section.5.1}{The CERN SPS beamline}{chapter.5}% 34
\BOOKMARK [1][-]{section.5.2}{Testbeam Setup}{chapter.5}% 35
\BOOKMARK [1][-]{section.5.3}{Simulation Setup}{chapter.5}% 36
\BOOKMARK [2][-]{subsection.5.3.1}{Digitization effects}{section.5.3}% 37
\BOOKMARK [2][-]{subsection.5.3.2}{Beam Profiles}{section.5.3}% 38
\BOOKMARK [1][-]{section.5.4}{Event Selection}{chapter.5}% 39
\BOOKMARK [2][-]{subsection.5.4.1}{MIP Selection}{section.5.4}% 40
\BOOKMARK [2][-]{subsection.5.4.2}{Electron Selection}{section.5.4}% 41
\BOOKMARK [2][-]{subsection.5.4.3}{Pion Selection}{section.5.4}% 42
\BOOKMARK [1][-]{section.5.5}{Energy Calibration of the AHCAL}{chapter.5}% 43
\BOOKMARK [2][-]{subsection.5.5.1}{Pedestal Calibration}{section.5.5}% 44
\BOOKMARK [2][-]{subsection.5.5.2}{MIP Calibration}{section.5.5}% 45
\BOOKMARK [1][-]{section.5.6}{Timing Calibration of the AHCAL}{chapter.5}% 46
\BOOKMARK [2][-]{subsection.5.6.1}{Calibration using MIPs}{section.5.6}% 47
\BOOKMARK [2][-]{subsection.5.6.2}{Electron Analysis and Validation}{section.5.6}% 48
\BOOKMARK [2][-]{subsection.5.6.3}{Pion Analysis}{section.5.6}% 49
\BOOKMARK [0][-]{chapter.6}{ILD Simulation and Timing}{}% 50
\BOOKMARK [1][-]{section.6.1}{Detector Simulation and framework}{chapter.6}% 51
\BOOKMARK [2][-]{subsection.6.1.1}{Detector Simulation}{section.6.1}% 52
\BOOKMARK [2][-]{subsection.6.1.2}{ILCSoft}{section.6.1}% 53
\BOOKMARK [1][-]{section.6.2}{Reconstruction chain}{chapter.6}% 54
\BOOKMARK [2][-]{subsection.6.2.1}{Tracking}{section.6.2}% 55
\BOOKMARK [2][-]{subsection.6.2.2}{Calorimeter Digitization}{section.6.2}% 56
\BOOKMARK [2][-]{subsection.6.2.3}{Pandora PFA}{section.6.2}% 57
\BOOKMARK [1][-]{section.6.3}{Influence of time cuts on cluster properties}{chapter.6}% 58
\BOOKMARK [2][-]{subsection.6.3.1}{Procedure}{section.6.3}% 59
\BOOKMARK [2][-]{subsection.6.3.2}{Impact on Cluster properties \(width, energy, resolution and linearity\)}{section.6.3}% 60
\BOOKMARK [0][-]{chapter.7}{Conclusion and Outlook}{}% 61
\BOOKMARK [0][-]{chapter.8}{Appendix}{}% 62
\BOOKMARK [0][-]{chapter.9}{Bibliography}{}% 63
